<?xml version="1.0" encoding="UTF-8"?>
<!-- Generated by org.testng.reporters.JUnitXMLReporter -->
<testsuite hostname="LSLRHR0213" name="Regression Testing" tests="14" failures="0" timestamp="8 Jan 2018 06:01:21 GMT" time="17.951" errors="0">
  <testcase name="@BeforeMethod beforeMethod" time="0.0" classname="EPCTestCases.TC_EPC_001_Login">
    <failure type="org.openqa.selenium.WebDriverException" message="unknown error: failed to change window state to normal, current state is maximized
  (Session info: chrome=63.0.3239.84)
  (Driver info: chromedriver=2.33.506120 (e3e53437346286c0bc2d2dc9aa4915ba81d9023f),platform=Windows NT 10.0.15063 x86_64) (WARNING: The server did not provide any stacktrace information)
Command duration or timeout: 1.14 seconds
Build info: version: &amp;apos;2.53.1&amp;apos;, revision: &amp;apos;a36b8b1&amp;apos;, time: &amp;apos;2016-06-30 17:37:03&amp;apos;
System info: host: &amp;apos;LSLRHR0213&amp;apos;, ip: &amp;apos;192.168.2.227&amp;apos;, os.name: &amp;apos;Windows 10&amp;apos;, os.arch: &amp;apos;amd64&amp;apos;, os.version: &amp;apos;10.0&amp;apos;, java.version: &amp;apos;1.8.0_101&amp;apos;
Driver info: org.openqa.selenium.chrome.ChromeDriver
Capabilities [{applicationCacheEnabled=false, rotatable=false, mobileEmulationEnabled=false, networkConnectionEnabled=false, chrome={chromedriverVersion=2.33.506120 (e3e53437346286c0bc2d2dc9aa4915ba81d9023f), userDataDir=C:\Users\VIGNES~1.KRI\AppData\Local\Temp\scoped_dir13124_4852}, takesHeapSnapshot=true, pageLoadStrategy=normal, databaseEnabled=false, handlesAlerts=true, hasTouchScreen=false, version=63.0.3239.84, platform=XP, browserConnectionEnabled=false, nativeEvents=true, acceptSslCerts=true, locationContextEnabled=true, webStorageEnabled=true, browserName=chrome, takesScreenshot=true, javascriptEnabled=true, cssSelectorsEnabled=true, setWindowRect=true, unexpectedAlertBehaviour=}]
Session ID: 7c729be2077820e591ea5203615c98f3">
      <![CDATA[org.openqa.selenium.WebDriverException: unknown error: failed to change window state to normal, current state is maximized
  (Session info: chrome=63.0.3239.84)
  (Driver info: chromedriver=2.33.506120 (e3e53437346286c0bc2d2dc9aa4915ba81d9023f),platform=Windows NT 10.0.15063 x86_64) (WARNING: The server did not provide any stacktrace information)
Command duration or timeout: 1.14 seconds
Build info: version: '2.53.1', revision: 'a36b8b1', time: '2016-06-30 17:37:03'
System info: host: 'LSLRHR0213', ip: '192.168.2.227', os.name: 'Windows 10', os.arch: 'amd64', os.version: '10.0', java.version: '1.8.0_101'
Driver info: org.openqa.selenium.chrome.ChromeDriver
Capabilities [{applicationCacheEnabled=false, rotatable=false, mobileEmulationEnabled=false, networkConnectionEnabled=false, chrome={chromedriverVersion=2.33.506120 (e3e53437346286c0bc2d2dc9aa4915ba81d9023f), userDataDir=C:\Users\VIGNES~1.KRI\AppData\Local\Temp\scoped_dir13124_4852}, takesHeapSnapshot=true, pageLoadStrategy=normal, databaseEnabled=false, handlesAlerts=true, hasTouchScreen=false, version=63.0.3239.84, platform=XP, browserConnectionEnabled=false, nativeEvents=true, acceptSslCerts=true, locationContextEnabled=true, webStorageEnabled=true, browserName=chrome, takesScreenshot=true, javascriptEnabled=true, cssSelectorsEnabled=true, setWindowRect=true, unexpectedAlertBehaviour=}]
Session ID: 7c729be2077820e591ea5203615c98f3
	at org.openqa.selenium.remote.ErrorHandler.createThrowable(ErrorHandler.java:206)
	at org.openqa.selenium.remote.ErrorHandler.throwIfResponseFailed(ErrorHandler.java:158)
	at org.openqa.selenium.remote.RemoteWebDriver.execute(RemoteWebDriver.java:678)
	at org.openqa.selenium.remote.RemoteWebDriver$RemoteWebDriverOptions$RemoteWindow.maximize(RemoteWebDriver.java:945)
	at libraries.SuperTestNGBeforeAndAfterMethod.beforeMethod(SuperTestNGBeforeAndAfterMethod.java:62)
... Removed 30 stack frames]]>
    </failure>
  </testcase> <!-- @BeforeMethod beforeMethod -->
  <testcase name="@AfterMethod afterMethod" time="0.0" classname="EPCTestCases.TC_EPC_001_Login">
    <skipped/>
  </testcase> <!-- @AfterMethod afterMethod -->
  <testcase name="@BeforeMethod beforeMethod" time="0.0" classname="EPCTestCases.TC_EPC_002_Logout">
    <skipped/>
  </testcase> <!-- @BeforeMethod beforeMethod -->
  <testcase name="@AfterMethod afterMethod" time="0.0" classname="EPCTestCases.TC_EPC_002_Logout">
    <skipped/>
  </testcase> <!-- @AfterMethod afterMethod -->
  <testcase name="@BeforeMethod beforeMethod" time="0.0" classname="EPCTestCases.TC_EPC_003_GlobalSearchItem">
    <skipped/>
  </testcase> <!-- @BeforeMethod beforeMethod -->
  <testcase name="@AfterMethod afterMethod" time="0.0" classname="EPCTestCases.TC_EPC_003_GlobalSearchItem">
    <skipped/>
  </testcase> <!-- @AfterMethod afterMethod -->
  <testcase name="@BeforeMethod beforeMethod" time="0.0" classname="EPCTestCases.TC_EPC_004_GoToBasket">
    <skipped/>
  </testcase> <!-- @BeforeMethod beforeMethod -->
  <testcase name="@AfterMethod afterMethod" time="0.0" classname="EPCTestCases.TC_EPC_004_GoToBasket">
    <skipped/>
  </testcase> <!-- @AfterMethod afterMethod -->
  <testcase name="@BeforeMethod beforeMethod" time="0.0" classname="EPCTestCases.TC_EPC_005_EnterOrderReferenceNumber">
    <skipped/>
  </testcase> <!-- @BeforeMethod beforeMethod -->
  <testcase name="@AfterMethod afterMethod" time="0.0" classname="EPCTestCases.TC_EPC_005_EnterOrderReferenceNumber">
    <skipped/>
  </testcase> <!-- @AfterMethod afterMethod -->
  <testcase name="@BeforeMethod beforeMethod" time="0.0" classname="EPCTestCases.TC_EPC_006_NavigatingToPlacedOrders">
    <skipped/>
  </testcase> <!-- @BeforeMethod beforeMethod -->
  <testcase name="@AfterMethod afterMethod" time="0.0" classname="EPCTestCases.TC_EPC_006_NavigatingToPlacedOrders">
    <skipped/>
  </testcase> <!-- @AfterMethod afterMethod -->
  <testcase name="@BeforeMethod beforeMethod" time="0.0" classname="EPCTestCases.TC_EPC_007_NavigatingToMyAccounts">
    <skipped/>
  </testcase> <!-- @BeforeMethod beforeMethod -->
  <testcase name="@AfterMethod afterMethod" time="0.0" classname="EPCTestCases.TC_EPC_007_NavigatingToMyAccounts">
    <skipped/>
  </testcase> <!-- @AfterMethod afterMethod -->
  <testcase name="@BeforeMethod beforeMethod" time="0.0" classname="EPCTestCases.TC_EPC_008_NavigatingToPendingOrders">
    <skipped/>
  </testcase> <!-- @BeforeMethod beforeMethod -->
  <testcase name="@AfterMethod afterMethod" time="0.0" classname="EPCTestCases.TC_EPC_008_NavigatingToPendingOrders">
    <skipped/>
  </testcase> <!-- @AfterMethod afterMethod -->
  <testcase name="@BeforeMethod beforeMethod" time="0.0" classname="EPCTestCases.TC_EPC_009_NavigatingToSavedBaskets">
    <skipped/>
  </testcase> <!-- @BeforeMethod beforeMethod -->
  <testcase name="@AfterMethod afterMethod" time="0.0" classname="EPCTestCases.TC_EPC_009_NavigatingToSavedBaskets">
    <skipped/>
  </testcase> <!-- @AfterMethod afterMethod -->
  <testcase name="@BeforeMethod beforeMethod" time="0.0" classname="EPCTestCases.TC_EPC_010_NavigatingToMessagesPage">
    <skipped/>
  </testcase> <!-- @BeforeMethod beforeMethod -->
  <testcase name="@AfterMethod afterMethod" time="0.0" classname="EPCTestCases.TC_EPC_010_NavigatingToMessagesPage">
    <skipped/>
  </testcase> <!-- @AfterMethod afterMethod -->
  <testcase name="@BeforeMethod beforeMethod" time="0.0" classname="EPCTestCases.TC_EPC_011NavigatingToHomePage">
    <skipped/>
  </testcase> <!-- @BeforeMethod beforeMethod -->
  <testcase name="@AfterMethod afterMethod" time="0.0" classname="EPCTestCases.TC_EPC_011NavigatingToHomePage">
    <skipped/>
  </testcase> <!-- @AfterMethod afterMethod -->
  <testcase name="@BeforeMethod beforeMethod" time="0.0" classname="EPCTestCases.TC_EPC_014_ChangeImage">
    <skipped/>
  </testcase> <!-- @BeforeMethod beforeMethod -->
  <testcase name="@AfterMethod afterMethod" time="0.0" classname="EPCTestCases.TC_EPC_014_ChangeImage">
    <skipped/>
  </testcase> <!-- @AfterMethod afterMethod -->
  <testcase name="@BeforeMethod beforeMethod" time="0.0" classname="EPCTestCases.TC_EPC_012_SelectingAccount">
    <skipped/>
  </testcase> <!-- @BeforeMethod beforeMethod -->
  <testcase name="@AfterMethod afterMethod" time="0.0" classname="EPCTestCases.TC_EPC_012_SelectingAccount">
    <skipped/>
  </testcase> <!-- @AfterMethod afterMethod -->
  <testcase name="@BeforeMethod beforeMethod" time="0.0" classname="EPCTestCases.TC_EPC_013_SelectingOrderType">
    <skipped/>
  </testcase> <!-- @BeforeMethod beforeMethod -->
  <testcase name="@AfterMethod afterMethod" time="0.0" classname="EPCTestCases.TC_EPC_013_SelectingOrderType">
    <skipped/>
  </testcase> <!-- @AfterMethod afterMethod -->
  <testcase name="Login" time="0.002" classname="EPCTestCases.TC_EPC_001_Login">
    <skipped/>
  </testcase> <!-- Login -->
  <testcase name="loginlogout" time="0.012" classname="EPCTestCases.TC_EPC_002_Logout">
    <skipped/>
  </testcase> <!-- loginlogout -->
  <testcase name="GlobalSearchItem" time="0.003" classname="EPCTestCases.TC_EPC_003_GlobalSearchItem">
    <skipped/>
  </testcase> <!-- GlobalSearchItem -->
  <testcase name="GoToBasket" time="0.002" classname="EPCTestCases.TC_EPC_004_GoToBasket">
    <skipped/>
  </testcase> <!-- GoToBasket -->
  <testcase name="EnterOrderReferenceNumber" time="0.007" classname="EPCTestCases.TC_EPC_005_EnterOrderReferenceNumber">
    <skipped/>
  </testcase> <!-- EnterOrderReferenceNumber -->
  <testcase name="NavigatingToPlacedOrders" time="0.007" classname="EPCTestCases.TC_EPC_006_NavigatingToPlacedOrders">
    <skipped/>
  </testcase> <!-- NavigatingToPlacedOrders -->
  <testcase name="NavigatingToMyAccounts" time="0.004" classname="EPCTestCases.TC_EPC_007_NavigatingToMyAccounts">
    <skipped/>
  </testcase> <!-- NavigatingToMyAccounts -->
  <testcase name="NavigatingToPendingOrders" time="0.005" classname="EPCTestCases.TC_EPC_008_NavigatingToPendingOrders">
    <skipped/>
  </testcase> <!-- NavigatingToPendingOrders -->
  <testcase name="NavigatingToSavedBaskets" time="0.002" classname="EPCTestCases.TC_EPC_009_NavigatingToSavedBaskets">
    <skipped/>
  </testcase> <!-- NavigatingToSavedBaskets -->
  <testcase name="NavigatingToMessagesPage" time="0.003" classname="EPCTestCases.TC_EPC_010_NavigatingToMessagesPage">
    <skipped/>
  </testcase> <!-- NavigatingToMessagesPage -->
  <testcase name="NavigatingToHomePage" time="0.004" classname="EPCTestCases.TC_EPC_011NavigatingToHomePage">
    <skipped/>
  </testcase> <!-- NavigatingToHomePage -->
  <testcase name="ChangeImage" time="0.002" classname="EPCTestCases.TC_EPC_014_ChangeImage">
    <skipped/>
  </testcase> <!-- ChangeImage -->
  <testcase name="SelectingAccount" time="0.001" classname="EPCTestCases.TC_EPC_012_SelectingAccount">
    <skipped/>
  </testcase> <!-- SelectingAccount -->
  <testcase name="SelectingOrderType" time="0.001" classname="EPCTestCases.TC_EPC_013_SelectingOrderType">
    <skipped/>
  </testcase> <!-- SelectingOrderType -->
</testsuite> <!-- Regression Testing -->
