<html>
<head>
<title>TestNG:  Smoke Testing</title>
<link href="../testng.css" rel="stylesheet" type="text/css" />
<link href="../my-testng.css" rel="stylesheet" type="text/css" />

<style type="text/css">
.log { display: none;} 
.stack-trace { display: none;} 
</style>
<script type="text/javascript">
<!--
function flip(e) {
  current = e.style.display;
  if (current == 'block') {
    e.style.display = 'none';
    return 0;
  }
  else {
    e.style.display = 'block';
    return 1;
  }
}

function toggleBox(szDivId, elem, msg1, msg2)
{
  var res = -1;  if (document.getElementById) {
    res = flip(document.getElementById(szDivId));
  }
  else if (document.all) {
    // this is the way old msie versions work
    res = flip(document.all[szDivId]);
  }
  if(elem) {
    if(res == 0) elem.innerHTML = msg1; else elem.innerHTML = msg2;
  }

}

function toggleAllBoxes() {
  if (document.getElementsByTagName) {
    d = document.getElementsByTagName('div');
    for (i = 0; i < d.length; i++) {
      if (d[i].className == 'log') {
        flip(d[i]);
      }
    }
  }
}

// -->
</script>

</head>
<body>
<h2 align='center'>Smoke Testing</h2><table border='1' align="center">
<tr>
<td>Tests passed/Failed/Skipped:</td><td>0/0/5</td>
</tr><tr>
<td>Started on:</td><td>Wed Jan 10 15:30:01 IST 2018</td>
</tr>
<tr><td>Total time:</td><td>21 seconds (21394 ms)</td>
</tr><tr>
<td>Included groups:</td><td></td>
</tr><tr>
<td>Excluded groups:</td><td></td>
</tr>
</table><p/>
<small><i>(Hover the method name to see the test class name)</i></small><p/>
<table width='100%' border='1' class='invocation-failed'>
<tr><td colspan='4' align='center'><b>FAILED CONFIGURATIONS</b></td></tr>
<tr><td><b>Test method</b></td>
<td width="30%"><b>Exception</b></td>
<td width="10%"><b>Time (seconds)</b></td>
<td><b>Instance</b></td>
</tr>
<tr>
<td title='EPCTestCases.TC_EPC_001_Login.beforeMethod()'><b>beforeMethod</b><br>Test class: EPCTestCases.TC_EPC_001_Login</td>
<td><div><pre>org.openqa.selenium.remote.UnreachableBrowserException: Could not start a new session. Possible causes are invalid address of the remote server or browser start-up failure.
Build info: version: &apos;2.53.1&apos;, revision: &apos;a36b8b1&apos;, time: &apos;2016-06-30 17:37:03&apos;
System info: host: &apos;LSLRHR0213&apos;, ip: &apos;192.168.2.227&apos;, os.name: &apos;Windows 10&apos;, os.arch: &apos;amd64&apos;, os.version: &apos;10.0&apos;, java.version: &apos;1.8.0_101&apos;
Driver info: driver.version: EdgeDriver
	at org.openqa.selenium.remote.RemoteWebDriver.execute(RemoteWebDriver.java:665)
	at org.openqa.selenium.remote.RemoteWebDriver.startSession(RemoteWebDriver.java:249)
	at org.openqa.selenium.remote.RemoteWebDriver.&lt;init&gt;(RemoteWebDriver.java:131)
	at org.openqa.selenium.remote.RemoteWebDriver.&lt;init&gt;(RemoteWebDriver.java:144)
	at org.openqa.selenium.edge.EdgeDriver.&lt;init&gt;(EdgeDriver.java:152)
	at org.openqa.selenium.edge.EdgeDriver.&lt;init&gt;(EdgeDriver.java:141)
	at org.openqa.selenium.edge.EdgeDriver.&lt;init&gt;(EdgeDriver.java:98)
	at libraries.SuperTestNGBeforeAndAfterMethod.beforeMethod(SuperTestNGBeforeAndAfterMethod.java:56)
Caused by: org.openqa.selenium.WebDriverException: Timed out waiting for driver server to start.
Build info: version: &apos;2.53.1&apos;, revision: &apos;a36b8b1&apos;, time: &apos;2016-06-30 17:37:03&apos;
System info: host: &apos;LSLRHR0213&apos;, ip: &apos;192.168.2.227&apos;, os.name: &apos;Windows 10&apos;, os.arch: &apos;amd64&apos;, os.version: &apos;10.0&apos;, java.version: &apos;1.8.0_101&apos;
Driver info: driver.version: EdgeDriver
	at org.openqa.selenium.remote.service.DriverService.waitUntilAvailable(DriverService.java:178)
	at org.openqa.selenium.remote.service.DriverService.start(DriverService.java:166)
	at org.openqa.selenium.remote.service.DriverCommandExecutor.execute(DriverCommandExecutor.java:78)
	at org.openqa.selenium.remote.RemoteWebDriver.execute(RemoteWebDriver.java:644)
	... 33 more
Caused by: org.openqa.selenium.net.UrlChecker$TimeoutException: Timed out waiting for [http://localhost:1343/status] to be available after 20017 ms
	at org.openqa.selenium.net.UrlChecker.waitUntilAvailable(UrlChecker.java:107)
	at org.openqa.selenium.remote.service.DriverService.waitUntilAvailable(DriverService.java:175)
	... 36 more
Caused by: com.google.common.util.concurrent.UncheckedTimeoutException: java.util.concurrent.TimeoutException
	at com.google.common.util.concurrent.SimpleTimeLimiter.callWithTimeout(SimpleTimeLimiter.java:143)
	at org.openqa.selenium.net.UrlChecker.waitUntilAvailable(UrlChecker.java:80)
	... 37 more
Caused by: java.util.concurrent.TimeoutException
	at java.util.concurrent.FutureTask.get(Unknown Source)
	at com.google.common.util.concurrent.SimpleTimeLimiter.callWithTimeout(SimpleTimeLimiter.java:130)
	... 38 more
... Removed 26 stack frames</pre></div><a href='#' onClick='toggleBox("stack-trace2040467681", this, "Click to show all stack frames", "Click to hide stack frames")'>Click to show all stack frames</a>
<div class='stack-trace' id='stack-trace2040467681'><pre>org.openqa.selenium.remote.UnreachableBrowserException: Could not start a new session. Possible causes are invalid address of the remote server or browser start-up failure.
Build info: version: &apos;2.53.1&apos;, revision: &apos;a36b8b1&apos;, time: &apos;2016-06-30 17:37:03&apos;
System info: host: &apos;LSLRHR0213&apos;, ip: &apos;192.168.2.227&apos;, os.name: &apos;Windows 10&apos;, os.arch: &apos;amd64&apos;, os.version: &apos;10.0&apos;, java.version: &apos;1.8.0_101&apos;
Driver info: driver.version: EdgeDriver
	at org.openqa.selenium.remote.RemoteWebDriver.execute(RemoteWebDriver.java:665)
	at org.openqa.selenium.remote.RemoteWebDriver.startSession(RemoteWebDriver.java:249)
	at org.openqa.selenium.remote.RemoteWebDriver.&lt;init&gt;(RemoteWebDriver.java:131)
	at org.openqa.selenium.remote.RemoteWebDriver.&lt;init&gt;(RemoteWebDriver.java:144)
	at org.openqa.selenium.edge.EdgeDriver.&lt;init&gt;(EdgeDriver.java:152)
	at org.openqa.selenium.edge.EdgeDriver.&lt;init&gt;(EdgeDriver.java:141)
	at org.openqa.selenium.edge.EdgeDriver.&lt;init&gt;(EdgeDriver.java:98)
	at libraries.SuperTestNGBeforeAndAfterMethod.beforeMethod(SuperTestNGBeforeAndAfterMethod.java:56)
	at sun.reflect.NativeMethodAccessorImpl.invoke0(Native Method)
	at sun.reflect.NativeMethodAccessorImpl.invoke(Unknown Source)
	at sun.reflect.DelegatingMethodAccessorImpl.invoke(Unknown Source)
	at java.lang.reflect.Method.invoke(Unknown Source)
	at org.testng.internal.MethodInvocationHelper.invokeMethod(MethodInvocationHelper.java:85)
	at org.testng.internal.Invoker.invokeConfigurationMethod(Invoker.java:510)
	at org.testng.internal.Invoker.invokeConfigurations(Invoker.java:211)
	at org.testng.internal.Invoker.invokeMethod(Invoker.java:585)
	at org.testng.internal.Invoker.invokeTestMethod(Invoker.java:816)
	at org.testng.internal.Invoker.invokeTestMethods(Invoker.java:1124)
	at org.testng.internal.TestMethodWorker.invokeTestMethods(TestMethodWorker.java:125)
	at org.testng.internal.TestMethodWorker.run(TestMethodWorker.java:108)
	at org.testng.TestRunner.privateRun(TestRunner.java:774)
	at org.testng.TestRunner.run(TestRunner.java:624)
	at org.testng.SuiteRunner.runTest(SuiteRunner.java:359)
	at org.testng.SuiteRunner.runSequentially(SuiteRunner.java:354)
	at org.testng.SuiteRunner.privateRun(SuiteRunner.java:312)
	at org.testng.SuiteRunner.run(SuiteRunner.java:261)
	at org.testng.SuiteRunnerWorker.runSuite(SuiteRunnerWorker.java:52)
	at org.testng.SuiteRunnerWorker.run(SuiteRunnerWorker.java:86)
	at org.testng.TestNG.runSuitesSequentially(TestNG.java:1215)
	at org.testng.TestNG.runSuitesLocally(TestNG.java:1140)
	at org.testng.TestNG.run(TestNG.java:1048)
	at org.testng.remote.AbstractRemoteTestNG.run(AbstractRemoteTestNG.java:114)
	at org.testng.remote.RemoteTestNG.initAndRun(RemoteTestNG.java:251)
	at org.testng.remote.RemoteTestNG.main(RemoteTestNG.java:77)
Caused by: org.openqa.selenium.WebDriverException: Timed out waiting for driver server to start.
Build info: version: &apos;2.53.1&apos;, revision: &apos;a36b8b1&apos;, time: &apos;2016-06-30 17:37:03&apos;
System info: host: &apos;LSLRHR0213&apos;, ip: &apos;192.168.2.227&apos;, os.name: &apos;Windows 10&apos;, os.arch: &apos;amd64&apos;, os.version: &apos;10.0&apos;, java.version: &apos;1.8.0_101&apos;
Driver info: driver.version: EdgeDriver
	at org.openqa.selenium.remote.service.DriverService.waitUntilAvailable(DriverService.java:178)
	at org.openqa.selenium.remote.service.DriverService.start(DriverService.java:166)
	at org.openqa.selenium.remote.service.DriverCommandExecutor.execute(DriverCommandExecutor.java:78)
	at org.openqa.selenium.remote.RemoteWebDriver.execute(RemoteWebDriver.java:644)
	... 33 more
Caused by: org.openqa.selenium.net.UrlChecker$TimeoutException: Timed out waiting for [http://localhost:1343/status] to be available after 20017 ms
	at org.openqa.selenium.net.UrlChecker.waitUntilAvailable(UrlChecker.java:107)
	at org.openqa.selenium.remote.service.DriverService.waitUntilAvailable(DriverService.java:175)
	... 36 more
Caused by: com.google.common.util.concurrent.UncheckedTimeoutException: java.util.concurrent.TimeoutException
	at com.google.common.util.concurrent.SimpleTimeLimiter.callWithTimeout(SimpleTimeLimiter.java:143)
	at org.openqa.selenium.net.UrlChecker.waitUntilAvailable(UrlChecker.java:80)
	... 37 more
Caused by: java.util.concurrent.TimeoutException
	at java.util.concurrent.FutureTask.get(Unknown Source)
	at com.google.common.util.concurrent.SimpleTimeLimiter.callWithTimeout(SimpleTimeLimiter.java:130)
	... 38 more
</pre></div></td>
<td>0</td>
<td>EPCTestCases.TC_EPC_001_Login@5034c75a</td></tr>
</table><p>
<table width='100%' border='1' class='invocation-skipped'>
<tr><td colspan='4' align='center'><b>SKIPPED CONFIGURATIONS</b></td></tr>
<tr><td><b>Test method</b></td>
<td width="30%"><b>Exception</b></td>
<td width="10%"><b>Time (seconds)</b></td>
<td><b>Instance</b></td>
</tr>
<tr>
<td title='EPCTestCases.TC_EPC_002_Logout.beforeMethod()'><b>beforeMethod</b><br>Test class: EPCTestCases.TC_EPC_002_Logout</td>
<td></td>
<td>0</td>
<td>EPCTestCases.TC_EPC_002_Logout@396a51ab</td></tr>
<tr>
<td title='EPCTestCases.TC_EPC_003_GlobalSearchItem.beforeMethod()'><b>beforeMethod</b><br>Test class: EPCTestCases.TC_EPC_003_GlobalSearchItem</td>
<td></td>
<td>0</td>
<td>EPCTestCases.TC_EPC_003_GlobalSearchItem@51081592</td></tr>
<tr>
<td title='EPCTestCases.TC_EPC_004_GoToBasket.beforeMethod()'><b>beforeMethod</b><br>Test class: EPCTestCases.TC_EPC_004_GoToBasket</td>
<td></td>
<td>0</td>
<td>EPCTestCases.TC_EPC_004_GoToBasket@7f9a81e8</td></tr>
<tr>
<td title='EPCTestCases.TC_EPC_005_EnterOrderReferenceNumber.beforeMethod()'><b>beforeMethod</b><br>Test class: EPCTestCases.TC_EPC_005_EnterOrderReferenceNumber</td>
<td></td>
<td>0</td>
<td>EPCTestCases.TC_EPC_005_EnterOrderReferenceNumber@9629756</td></tr>
<tr>
<td title='EPCTestCases.TC_EPC_001_Login.afterMethod()'><b>afterMethod</b><br>Test class: EPCTestCases.TC_EPC_001_Login</td>
<td></td>
<td>0</td>
<td>EPCTestCases.TC_EPC_001_Login@5034c75a</td></tr>
<tr>
<td title='EPCTestCases.TC_EPC_002_Logout.afterMethod()'><b>afterMethod</b><br>Test class: EPCTestCases.TC_EPC_002_Logout</td>
<td></td>
<td>0</td>
<td>EPCTestCases.TC_EPC_002_Logout@396a51ab</td></tr>
<tr>
<td title='EPCTestCases.TC_EPC_003_GlobalSearchItem.afterMethod()'><b>afterMethod</b><br>Test class: EPCTestCases.TC_EPC_003_GlobalSearchItem</td>
<td></td>
<td>0</td>
<td>EPCTestCases.TC_EPC_003_GlobalSearchItem@51081592</td></tr>
<tr>
<td title='EPCTestCases.TC_EPC_004_GoToBasket.afterMethod()'><b>afterMethod</b><br>Test class: EPCTestCases.TC_EPC_004_GoToBasket</td>
<td></td>
<td>0</td>
<td>EPCTestCases.TC_EPC_004_GoToBasket@7f9a81e8</td></tr>
<tr>
<td title='EPCTestCases.TC_EPC_005_EnterOrderReferenceNumber.afterMethod()'><b>afterMethod</b><br>Test class: EPCTestCases.TC_EPC_005_EnterOrderReferenceNumber</td>
<td></td>
<td>0</td>
<td>EPCTestCases.TC_EPC_005_EnterOrderReferenceNumber@9629756</td></tr>
</table><p>
<table width='100%' border='1' class='invocation-skipped'>
<tr><td colspan='4' align='center'><b>SKIPPED TESTS</b></td></tr>
<tr><td><b>Test method</b></td>
<td width="30%"><b>Exception</b></td>
<td width="10%"><b>Time (seconds)</b></td>
<td><b>Instance</b></td>
</tr>
<tr>
<td title='EPCTestCases.TC_EPC_005_EnterOrderReferenceNumber.EnterOrderReferenceNumber()'><b>EnterOrderReferenceNumber</b><br>Test class: EPCTestCases.TC_EPC_005_EnterOrderReferenceNumber</td>
<td></td>
<td>0</td>
<td>EPCTestCases.TC_EPC_005_EnterOrderReferenceNumber@9629756</td></tr>
<tr>
<td title='EPCTestCases.TC_EPC_003_GlobalSearchItem.GlobalSearchItem()'><b>GlobalSearchItem</b><br>Test class: EPCTestCases.TC_EPC_003_GlobalSearchItem</td>
<td></td>
<td>0</td>
<td>EPCTestCases.TC_EPC_003_GlobalSearchItem@51081592</td></tr>
<tr>
<td title='EPCTestCases.TC_EPC_004_GoToBasket.GoToBasket()'><b>GoToBasket</b><br>Test class: EPCTestCases.TC_EPC_004_GoToBasket</td>
<td></td>
<td>0</td>
<td>EPCTestCases.TC_EPC_004_GoToBasket@7f9a81e8</td></tr>
<tr>
<td title='EPCTestCases.TC_EPC_001_Login.Login()'><b>Login</b><br>Test class: EPCTestCases.TC_EPC_001_Login</td>
<td></td>
<td>0</td>
<td>EPCTestCases.TC_EPC_001_Login@5034c75a</td></tr>
<tr>
<td title='EPCTestCases.TC_EPC_002_Logout.loginlogout()'><b>loginlogout</b><br>Test class: EPCTestCases.TC_EPC_002_Logout</td>
<td></td>
<td>0</td>
<td>EPCTestCases.TC_EPC_002_Logout@396a51ab</td></tr>
</table><p>
</body>
</html>