<?xml version="1.0" encoding="UTF-8"?>
<testng-results skipped="5" failed="0" total="5" passed="0">
  <reporter-output>
  </reporter-output>
  <suite name="Suite" duration-ms="21394" started-at="2018-01-10T10:00:01Z" finished-at="2018-01-10T10:00:22Z">
    <groups>
    </groups>
    <test name="Smoke Testing" duration-ms="21394" started-at="2018-01-10T10:00:01Z" finished-at="2018-01-10T10:00:22Z">
      <class name="EPCTestCases.TC_EPC_004_GoToBasket">
        <test-method status="SKIP" signature="afterMethod(org.testng.ITestResult)[pri:0, instance:EPCTestCases.TC_EPC_004_GoToBasket@7f9a81e8]" name="afterMethod" is-config="true" duration-ms="0" started-at="2018-01-10T15:30:22Z" finished-at="2018-01-10T15:30:22Z">
          <reporter-output>
          </reporter-output>
        </test-method> <!-- afterMethod -->
        <test-method status="SKIP" signature="GoToBasket()[pri:0, instance:EPCTestCases.TC_EPC_004_GoToBasket@7f9a81e8]" name="GoToBasket" duration-ms="0" started-at="2018-01-10T15:30:22Z" finished-at="2018-01-10T15:30:22Z">
          <reporter-output>
          </reporter-output>
        </test-method> <!-- GoToBasket -->
        <test-method status="SKIP" signature="beforeMethod()[pri:0, instance:EPCTestCases.TC_EPC_004_GoToBasket@7f9a81e8]" name="beforeMethod" is-config="true" duration-ms="0" started-at="2018-01-10T15:30:22Z" finished-at="2018-01-10T15:30:22Z">
          <reporter-output>
          </reporter-output>
        </test-method> <!-- beforeMethod -->
      </class> <!-- EPCTestCases.TC_EPC_004_GoToBasket -->
      <class name="EPCTestCases.TC_EPC_005_EnterOrderReferenceNumber">
        <test-method status="SKIP" signature="EnterOrderReferenceNumber()[pri:0, instance:EPCTestCases.TC_EPC_005_EnterOrderReferenceNumber@9629756]" name="EnterOrderReferenceNumber" duration-ms="0" started-at="2018-01-10T15:30:22Z" finished-at="2018-01-10T15:30:22Z">
          <reporter-output>
          </reporter-output>
        </test-method> <!-- EnterOrderReferenceNumber -->
        <test-method status="SKIP" signature="beforeMethod()[pri:0, instance:EPCTestCases.TC_EPC_005_EnterOrderReferenceNumber@9629756]" name="beforeMethod" is-config="true" duration-ms="0" started-at="2018-01-10T15:30:22Z" finished-at="2018-01-10T15:30:22Z">
          <reporter-output>
          </reporter-output>
        </test-method> <!-- beforeMethod -->
        <test-method status="SKIP" signature="afterMethod(org.testng.ITestResult)[pri:0, instance:EPCTestCases.TC_EPC_005_EnterOrderReferenceNumber@9629756]" name="afterMethod" is-config="true" duration-ms="0" started-at="2018-01-10T15:30:22Z" finished-at="2018-01-10T15:30:22Z">
          <reporter-output>
          </reporter-output>
        </test-method> <!-- afterMethod -->
      </class> <!-- EPCTestCases.TC_EPC_005_EnterOrderReferenceNumber -->
      <class name="EPCTestCases.TC_EPC_002_Logout">
        <test-method status="SKIP" signature="loginlogout()[pri:0, instance:EPCTestCases.TC_EPC_002_Logout@396a51ab]" name="loginlogout" duration-ms="0" started-at="2018-01-10T15:30:22Z" finished-at="2018-01-10T15:30:22Z">
          <reporter-output>
          </reporter-output>
        </test-method> <!-- loginlogout -->
        <test-method status="SKIP" signature="beforeMethod()[pri:0, instance:EPCTestCases.TC_EPC_002_Logout@396a51ab]" name="beforeMethod" is-config="true" duration-ms="0" started-at="2018-01-10T15:30:22Z" finished-at="2018-01-10T15:30:22Z">
          <reporter-output>
          </reporter-output>
        </test-method> <!-- beforeMethod -->
        <test-method status="SKIP" signature="afterMethod(org.testng.ITestResult)[pri:0, instance:EPCTestCases.TC_EPC_002_Logout@396a51ab]" name="afterMethod" is-config="true" duration-ms="0" started-at="2018-01-10T15:30:22Z" finished-at="2018-01-10T15:30:22Z">
          <reporter-output>
          </reporter-output>
        </test-method> <!-- afterMethod -->
      </class> <!-- EPCTestCases.TC_EPC_002_Logout -->
      <class name="EPCTestCases.TC_EPC_001_Login">
        <test-method status="FAIL" signature="beforeMethod()[pri:0, instance:EPCTestCases.TC_EPC_001_Login@5034c75a]" name="beforeMethod" is-config="true" duration-ms="0" started-at="2018-01-10T15:30:01Z" finished-at="2018-01-10T15:30:01Z">
          <exception class="org.openqa.selenium.remote.UnreachableBrowserException">
            <message>
              <![CDATA[Could not start a new session. Possible causes are invalid address of the remote server or browser start-up failure.
Build info: version: '2.53.1', revision: 'a36b8b1', time: '2016-06-30 17:37:03'
System info: host: 'LSLRHR0213', ip: '192.168.2.227', os.name: 'Windows 10', os.arch: 'amd64', os.version: '10.0', java.version: '1.8.0_101'
Driver info: driver.version: EdgeDriver]]>
            </message>
            <full-stacktrace>
              <![CDATA[org.openqa.selenium.remote.UnreachableBrowserException: Could not start a new session. Possible causes are invalid address of the remote server or browser start-up failure.
Build info: version: '2.53.1', revision: 'a36b8b1', time: '2016-06-30 17:37:03'
System info: host: 'LSLRHR0213', ip: '192.168.2.227', os.name: 'Windows 10', os.arch: 'amd64', os.version: '10.0', java.version: '1.8.0_101'
Driver info: driver.version: EdgeDriver
	at org.openqa.selenium.remote.RemoteWebDriver.execute(RemoteWebDriver.java:665)
	at org.openqa.selenium.remote.RemoteWebDriver.startSession(RemoteWebDriver.java:249)
	at org.openqa.selenium.remote.RemoteWebDriver.<init>(RemoteWebDriver.java:131)
	at org.openqa.selenium.remote.RemoteWebDriver.<init>(RemoteWebDriver.java:144)
	at org.openqa.selenium.edge.EdgeDriver.<init>(EdgeDriver.java:152)
	at org.openqa.selenium.edge.EdgeDriver.<init>(EdgeDriver.java:141)
	at org.openqa.selenium.edge.EdgeDriver.<init>(EdgeDriver.java:98)
	at libraries.SuperTestNGBeforeAndAfterMethod.beforeMethod(SuperTestNGBeforeAndAfterMethod.java:56)
	at sun.reflect.NativeMethodAccessorImpl.invoke0(Native Method)
	at sun.reflect.NativeMethodAccessorImpl.invoke(Unknown Source)
	at sun.reflect.DelegatingMethodAccessorImpl.invoke(Unknown Source)
	at java.lang.reflect.Method.invoke(Unknown Source)
	at org.testng.internal.MethodInvocationHelper.invokeMethod(MethodInvocationHelper.java:85)
	at org.testng.internal.Invoker.invokeConfigurationMethod(Invoker.java:510)
	at org.testng.internal.Invoker.invokeConfigurations(Invoker.java:211)
	at org.testng.internal.Invoker.invokeMethod(Invoker.java:585)
	at org.testng.internal.Invoker.invokeTestMethod(Invoker.java:816)
	at org.testng.internal.Invoker.invokeTestMethods(Invoker.java:1124)
	at org.testng.internal.TestMethodWorker.invokeTestMethods(TestMethodWorker.java:125)
	at org.testng.internal.TestMethodWorker.run(TestMethodWorker.java:108)
	at org.testng.TestRunner.privateRun(TestRunner.java:774)
	at org.testng.TestRunner.run(TestRunner.java:624)
	at org.testng.SuiteRunner.runTest(SuiteRunner.java:359)
	at org.testng.SuiteRunner.runSequentially(SuiteRunner.java:354)
	at org.testng.SuiteRunner.privateRun(SuiteRunner.java:312)
	at org.testng.SuiteRunner.run(SuiteRunner.java:261)
	at org.testng.SuiteRunnerWorker.runSuite(SuiteRunnerWorker.java:52)
	at org.testng.SuiteRunnerWorker.run(SuiteRunnerWorker.java:86)
	at org.testng.TestNG.runSuitesSequentially(TestNG.java:1215)
	at org.testng.TestNG.runSuitesLocally(TestNG.java:1140)
	at org.testng.TestNG.run(TestNG.java:1048)
	at org.testng.remote.AbstractRemoteTestNG.run(AbstractRemoteTestNG.java:114)
	at org.testng.remote.RemoteTestNG.initAndRun(RemoteTestNG.java:251)
	at org.testng.remote.RemoteTestNG.main(RemoteTestNG.java:77)
Caused by: org.openqa.selenium.WebDriverException: Timed out waiting for driver server to start.
Build info: version: '2.53.1', revision: 'a36b8b1', time: '2016-06-30 17:37:03'
System info: host: 'LSLRHR0213', ip: '192.168.2.227', os.name: 'Windows 10', os.arch: 'amd64', os.version: '10.0', java.version: '1.8.0_101'
Driver info: driver.version: EdgeDriver
	at org.openqa.selenium.remote.service.DriverService.waitUntilAvailable(DriverService.java:178)
	at org.openqa.selenium.remote.service.DriverService.start(DriverService.java:166)
	at org.openqa.selenium.remote.service.DriverCommandExecutor.execute(DriverCommandExecutor.java:78)
	at org.openqa.selenium.remote.RemoteWebDriver.execute(RemoteWebDriver.java:644)
	... 33 more
Caused by: org.openqa.selenium.net.UrlChecker$TimeoutException: Timed out waiting for [http://localhost:1343/status] to be available after 20017 ms
	at org.openqa.selenium.net.UrlChecker.waitUntilAvailable(UrlChecker.java:107)
	at org.openqa.selenium.remote.service.DriverService.waitUntilAvailable(DriverService.java:175)
	... 36 more
Caused by: com.google.common.util.concurrent.UncheckedTimeoutException: java.util.concurrent.TimeoutException
	at com.google.common.util.concurrent.SimpleTimeLimiter.callWithTimeout(SimpleTimeLimiter.java:143)
	at org.openqa.selenium.net.UrlChecker.waitUntilAvailable(UrlChecker.java:80)
	... 37 more
Caused by: java.util.concurrent.TimeoutException
	at java.util.concurrent.FutureTask.get(Unknown Source)
	at com.google.common.util.concurrent.SimpleTimeLimiter.callWithTimeout(SimpleTimeLimiter.java:130)
	... 38 more
]]>
            </full-stacktrace>
          </exception> <!-- org.openqa.selenium.remote.UnreachableBrowserException -->
          <reporter-output>
          </reporter-output>
        </test-method> <!-- beforeMethod -->
        <test-method status="SKIP" signature="Login()[pri:0, instance:EPCTestCases.TC_EPC_001_Login@5034c75a]" name="Login" duration-ms="0" started-at="2018-01-10T15:30:22Z" finished-at="2018-01-10T15:30:22Z">
          <reporter-output>
          </reporter-output>
        </test-method> <!-- Login -->
        <test-method status="SKIP" signature="afterMethod(org.testng.ITestResult)[pri:0, instance:EPCTestCases.TC_EPC_001_Login@5034c75a]" name="afterMethod" is-config="true" duration-ms="0" started-at="2018-01-10T15:30:22Z" finished-at="2018-01-10T15:30:22Z">
          <reporter-output>
          </reporter-output>
        </test-method> <!-- afterMethod -->
      </class> <!-- EPCTestCases.TC_EPC_001_Login -->
      <class name="EPCTestCases.TC_EPC_003_GlobalSearchItem">
        <test-method status="SKIP" signature="beforeMethod()[pri:0, instance:EPCTestCases.TC_EPC_003_GlobalSearchItem@51081592]" name="beforeMethod" is-config="true" duration-ms="0" started-at="2018-01-10T15:30:22Z" finished-at="2018-01-10T15:30:22Z">
          <reporter-output>
          </reporter-output>
        </test-method> <!-- beforeMethod -->
        <test-method status="SKIP" signature="GlobalSearchItem()[pri:0, instance:EPCTestCases.TC_EPC_003_GlobalSearchItem@51081592]" name="GlobalSearchItem" duration-ms="0" started-at="2018-01-10T15:30:22Z" finished-at="2018-01-10T15:30:22Z">
          <reporter-output>
          </reporter-output>
        </test-method> <!-- GlobalSearchItem -->
        <test-method status="SKIP" signature="afterMethod(org.testng.ITestResult)[pri:0, instance:EPCTestCases.TC_EPC_003_GlobalSearchItem@51081592]" name="afterMethod" is-config="true" duration-ms="0" started-at="2018-01-10T15:30:22Z" finished-at="2018-01-10T15:30:22Z">
          <reporter-output>
          </reporter-output>
        </test-method> <!-- afterMethod -->
      </class> <!-- EPCTestCases.TC_EPC_003_GlobalSearchItem -->
    </test> <!-- Smoke Testing -->
  </suite> <!-- Suite -->
</testng-results>
