<?xml version="1.0" encoding="UTF-8"?>
<testng-results skipped="0" failed="1" total="5" passed="4">
  <reporter-output>
  </reporter-output>
  <suite name="Suite" duration-ms="309012" started-at="2018-06-07T11:57:46Z" finished-at="2018-06-07T12:02:55Z">
    <groups>
    </groups>
    <test name="Smoke Testing" duration-ms="309012" started-at="2018-06-07T11:57:46Z" finished-at="2018-06-07T12:02:55Z">
      <class name="EPCTestCases.TC_EPC_005_EnterOrderReferenceNumber">
        <test-method status="PASS" signature="beforeMethod()[pri:0, instance:EPCTestCases.TC_EPC_005_EnterOrderReferenceNumber@62ee68d8]" name="beforeMethod" is-config="true" duration-ms="21885" started-at="2018-06-07T17:31:39Z" finished-at="2018-06-07T17:32:00Z">
          <reporter-output>
          </reporter-output>
        </test-method> <!-- beforeMethod -->
        <test-method status="FAIL" signature="EnterOrderReferenceNumber()[pri:0, instance:EPCTestCases.TC_EPC_005_EnterOrderReferenceNumber@62ee68d8]" name="EnterOrderReferenceNumber" duration-ms="51410" started-at="2018-06-07T17:32:00Z" finished-at="2018-06-07T17:32:52Z">
          <exception class="org.openqa.selenium.NoSuchElementException">
            <message>
              <![CDATA[Unable to locate element: {"method":"id","selector":"reference"}
Command duration or timeout: 14.21 seconds
For documentation on this error, please visit: http://seleniumhq.org/exceptions/no_such_element.html
Build info: version: '2.53.1', revision: 'a36b8b1', time: '2016-06-30 17:37:03'
System info: host: 'LSLRHRL0213', ip: '192.168.15.76', os.name: 'Windows 10', os.arch: 'amd64', os.version: '10.0', java.version: '1.8.0_151'
Driver info: org.openqa.selenium.firefox.FirefoxDriver
Capabilities [{applicationCacheEnabled=true, rotatable=false, handlesAlerts=true, databaseEnabled=true, version=43.0.1, platform=WINDOWS, nativeEvents=false, acceptSslCerts=true, webStorageEnabled=true, locationContextEnabled=true, browserName=firefox, takesScreenshot=true, javascriptEnabled=true, cssSelectorsEnabled=true}]
Session ID: 6bf8ea34-7351-49bf-a122-21c65166d971
*** Element info: {Using=id, value=reference}]]>
            </message>
            <full-stacktrace>
              <![CDATA[org.openqa.selenium.NoSuchElementException: Unable to locate element: {"method":"id","selector":"reference"}
Command duration or timeout: 14.21 seconds
For documentation on this error, please visit: http://seleniumhq.org/exceptions/no_such_element.html
Build info: version: '2.53.1', revision: 'a36b8b1', time: '2016-06-30 17:37:03'
System info: host: 'LSLRHRL0213', ip: '192.168.15.76', os.name: 'Windows 10', os.arch: 'amd64', os.version: '10.0', java.version: '1.8.0_151'
Driver info: org.openqa.selenium.firefox.FirefoxDriver
Capabilities [{applicationCacheEnabled=true, rotatable=false, handlesAlerts=true, databaseEnabled=true, version=43.0.1, platform=WINDOWS, nativeEvents=false, acceptSslCerts=true, webStorageEnabled=true, locationContextEnabled=true, browserName=firefox, takesScreenshot=true, javascriptEnabled=true, cssSelectorsEnabled=true}]
Session ID: 6bf8ea34-7351-49bf-a122-21c65166d971
*** Element info: {Using=id, value=reference}
	at sun.reflect.NativeConstructorAccessorImpl.newInstance0(Native Method)
	at sun.reflect.NativeConstructorAccessorImpl.newInstance(Unknown Source)
	at sun.reflect.DelegatingConstructorAccessorImpl.newInstance(Unknown Source)
	at java.lang.reflect.Constructor.newInstance(Unknown Source)
	at org.openqa.selenium.remote.ErrorHandler.createThrowable(ErrorHandler.java:206)
	at org.openqa.selenium.remote.ErrorHandler.throwIfResponseFailed(ErrorHandler.java:158)
	at org.openqa.selenium.remote.RemoteWebDriver.execute(RemoteWebDriver.java:678)
	at org.openqa.selenium.remote.RemoteWebDriver.findElement(RemoteWebDriver.java:363)
	at org.openqa.selenium.remote.RemoteWebDriver.findElementById(RemoteWebDriver.java:413)
	at org.openqa.selenium.By$ById.findElement(By.java:218)
	at org.openqa.selenium.remote.RemoteWebDriver.findElement(RemoteWebDriver.java:355)
	at EPCTestCases.TC_EPC_005_EnterOrderReferenceNumber.EnterOrderReferenceNumber(TC_EPC_005_EnterOrderReferenceNumber.java:52)
	at sun.reflect.NativeMethodAccessorImpl.invoke0(Native Method)
	at sun.reflect.NativeMethodAccessorImpl.invoke(Unknown Source)
	at sun.reflect.DelegatingMethodAccessorImpl.invoke(Unknown Source)
	at java.lang.reflect.Method.invoke(Unknown Source)
	at org.testng.internal.MethodInvocationHelper.invokeMethod(MethodInvocationHelper.java:85)
	at org.testng.internal.Invoker.invokeMethod(Invoker.java:639)
	at org.testng.internal.Invoker.invokeTestMethod(Invoker.java:816)
	at org.testng.internal.Invoker.invokeTestMethods(Invoker.java:1124)
	at org.testng.internal.TestMethodWorker.invokeTestMethods(TestMethodWorker.java:125)
	at org.testng.internal.TestMethodWorker.run(TestMethodWorker.java:108)
	at org.testng.TestRunner.privateRun(TestRunner.java:774)
	at org.testng.TestRunner.run(TestRunner.java:624)
	at org.testng.SuiteRunner.runTest(SuiteRunner.java:359)
	at org.testng.SuiteRunner.runSequentially(SuiteRunner.java:354)
	at org.testng.SuiteRunner.privateRun(SuiteRunner.java:312)
	at org.testng.SuiteRunner.run(SuiteRunner.java:261)
	at org.testng.SuiteRunnerWorker.runSuite(SuiteRunnerWorker.java:52)
	at org.testng.SuiteRunnerWorker.run(SuiteRunnerWorker.java:86)
	at org.testng.TestNG.runSuitesSequentially(TestNG.java:1215)
	at org.testng.TestNG.runSuitesLocally(TestNG.java:1140)
	at org.testng.TestNG.run(TestNG.java:1048)
	at org.testng.remote.AbstractRemoteTestNG.run(AbstractRemoteTestNG.java:114)
	at org.testng.remote.RemoteTestNG.initAndRun(RemoteTestNG.java:251)
	at org.testng.remote.RemoteTestNG.main(RemoteTestNG.java:77)
Caused by: org.openqa.selenium.NoSuchElementException: Unable to locate element: {"method":"id","selector":"reference"}
For documentation on this error, please visit: http://seleniumhq.org/exceptions/no_such_element.html
Build info: version: '2.53.1', revision: 'a36b8b1', time: '2016-06-30 17:37:03'
System info: host: 'LSLRHRL0213', ip: '192.168.15.76', os.name: 'Windows 10', os.arch: 'amd64', os.version: '10.0', java.version: '1.8.0_151'
Driver info: driver.version: unknown
	at <anonymous class>.FirefoxDriver.prototype.findElementInternal_(file:///C:/Users/VIGNES~1.KRI/AppData/Local/Temp/anonymous4029428123294726687webdriver-profile/extensions/fxdriver@googlecode.com/components/driver-component.js:10770)
	at <anonymous class>.fxdriver.Timer.prototype.setTimeout/<.notify(file:///C:/Users/VIGNES~1.KRI/AppData/Local/Temp/anonymous4029428123294726687webdriver-profile/extensions/fxdriver@googlecode.com/components/driver-component.js:625)
]]>
            </full-stacktrace>
          </exception> <!-- org.openqa.selenium.NoSuchElementException -->
          <reporter-output>
          </reporter-output>
        </test-method> <!-- EnterOrderReferenceNumber -->
        <test-method status="PASS" signature="afterMethod(org.testng.ITestResult)[pri:0, instance:EPCTestCases.TC_EPC_005_EnterOrderReferenceNumber@62ee68d8]" name="afterMethod" is-config="true" duration-ms="3122" started-at="2018-06-07T17:32:52Z" finished-at="2018-06-07T17:32:55Z">
          <params>
            <param index="0">
              <value>
                <![CDATA[[TestResult name=EnterOrderReferenceNumber status=FAILURE method=TC_EPC_005_EnterOrderReferenceNumber.EnterOrderReferenceNumber()[pri:0, instance:EPCTestCases.TC_EPC_005_EnterOrderReferenceNumber@62ee68d8] output={null}]]]>
              </value>
            </param>
          </params>
          <reporter-output>
          </reporter-output>
        </test-method> <!-- afterMethod -->
      </class> <!-- EPCTestCases.TC_EPC_005_EnterOrderReferenceNumber -->
      <class name="EPCTestCases.TC_EPC_004_GoToBasket">
        <test-method status="PASS" signature="beforeMethod()[pri:0, instance:EPCTestCases.TC_EPC_004_GoToBasket@9629756]" name="beforeMethod" is-config="true" duration-ms="17364" started-at="2018-06-07T17:30:34Z" finished-at="2018-06-07T17:30:51Z">
          <reporter-output>
          </reporter-output>
        </test-method> <!-- beforeMethod -->
        <test-method status="PASS" signature="GoToBasket()[pri:0, instance:EPCTestCases.TC_EPC_004_GoToBasket@9629756]" name="GoToBasket" duration-ms="37138" started-at="2018-06-07T17:30:51Z" finished-at="2018-06-07T17:31:28Z">
          <reporter-output>
          </reporter-output>
        </test-method> <!-- GoToBasket -->
        <test-method status="PASS" signature="afterMethod(org.testng.ITestResult)[pri:0, instance:EPCTestCases.TC_EPC_004_GoToBasket@9629756]" name="afterMethod" is-config="true" duration-ms="10411" started-at="2018-06-07T17:31:28Z" finished-at="2018-06-07T17:31:39Z">
          <params>
            <param index="0">
              <value>
                <![CDATA[[TestResult name=GoToBasket status=SUCCESS method=TC_EPC_004_GoToBasket.GoToBasket()[pri:0, instance:EPCTestCases.TC_EPC_004_GoToBasket@9629756] output={null}]]]>
              </value>
            </param>
          </params>
          <reporter-output>
          </reporter-output>
        </test-method> <!-- afterMethod -->
      </class> <!-- EPCTestCases.TC_EPC_004_GoToBasket -->
      <class name="EPCTestCases.TC_EPC_002_Logout">
        <test-method status="PASS" signature="beforeMethod()[pri:0, instance:EPCTestCases.TC_EPC_002_Logout@51081592]" name="beforeMethod" is-config="true" duration-ms="20203" started-at="2018-06-07T17:28:46Z" finished-at="2018-06-07T17:29:06Z">
          <reporter-output>
          </reporter-output>
        </test-method> <!-- beforeMethod -->
        <test-method status="PASS" signature="loginlogout()[pri:0, instance:EPCTestCases.TC_EPC_002_Logout@51081592]" name="loginlogout" duration-ms="28653" started-at="2018-06-07T17:29:06Z" finished-at="2018-06-07T17:29:35Z">
          <reporter-output>
          </reporter-output>
        </test-method> <!-- loginlogout -->
        <test-method status="PASS" signature="afterMethod(org.testng.ITestResult)[pri:0, instance:EPCTestCases.TC_EPC_002_Logout@51081592]" name="afterMethod" is-config="true" duration-ms="9031" started-at="2018-06-07T17:29:35Z" finished-at="2018-06-07T17:29:44Z">
          <params>
            <param index="0">
              <value>
                <![CDATA[[TestResult name=loginlogout status=SUCCESS method=TC_EPC_002_Logout.loginlogout()[pri:0, instance:EPCTestCases.TC_EPC_002_Logout@51081592] output={null}]]]>
              </value>
            </param>
          </params>
          <reporter-output>
          </reporter-output>
        </test-method> <!-- afterMethod -->
      </class> <!-- EPCTestCases.TC_EPC_002_Logout -->
      <class name="EPCTestCases.TC_EPC_001_Login">
        <test-method status="PASS" signature="beforeMethod()[pri:0, instance:EPCTestCases.TC_EPC_001_Login@396a51ab]" name="beforeMethod" is-config="true" duration-ms="34079" started-at="2018-06-07T17:27:46Z" finished-at="2018-06-07T17:28:20Z">
          <reporter-output>
          </reporter-output>
        </test-method> <!-- beforeMethod -->
        <test-method status="PASS" signature="Login()[pri:0, instance:EPCTestCases.TC_EPC_001_Login@396a51ab]" name="Login" duration-ms="20720" started-at="2018-06-07T17:28:20Z" finished-at="2018-06-07T17:28:41Z">
          <reporter-output>
          </reporter-output>
        </test-method> <!-- Login -->
        <test-method status="PASS" signature="afterMethod(org.testng.ITestResult)[pri:0, instance:EPCTestCases.TC_EPC_001_Login@396a51ab]" name="afterMethod" is-config="true" duration-ms="5143" started-at="2018-06-07T17:28:41Z" finished-at="2018-06-07T17:28:46Z">
          <params>
            <param index="0">
              <value>
                <![CDATA[[TestResult name=Login status=SUCCESS method=TC_EPC_001_Login.Login()[pri:0, instance:EPCTestCases.TC_EPC_001_Login@396a51ab] output={null}]]]>
              </value>
            </param>
          </params>
          <reporter-output>
          </reporter-output>
        </test-method> <!-- afterMethod -->
      </class> <!-- EPCTestCases.TC_EPC_001_Login -->
      <class name="EPCTestCases.TC_EPC_003_GlobalSearchItem">
        <test-method status="PASS" signature="beforeMethod()[pri:0, instance:EPCTestCases.TC_EPC_003_GlobalSearchItem@7f9a81e8]" name="beforeMethod" is-config="true" duration-ms="20078" started-at="2018-06-07T17:29:44Z" finished-at="2018-06-07T17:30:04Z">
          <reporter-output>
          </reporter-output>
        </test-method> <!-- beforeMethod -->
        <test-method status="PASS" signature="GlobalSearchItem()[pri:0, instance:EPCTestCases.TC_EPC_003_GlobalSearchItem@7f9a81e8]" name="GlobalSearchItem" duration-ms="25826" started-at="2018-06-07T17:30:04Z" finished-at="2018-06-07T17:30:30Z">
          <reporter-output>
          </reporter-output>
        </test-method> <!-- GlobalSearchItem -->
        <test-method status="PASS" signature="afterMethod(org.testng.ITestResult)[pri:0, instance:EPCTestCases.TC_EPC_003_GlobalSearchItem@7f9a81e8]" name="afterMethod" is-config="true" duration-ms="3780" started-at="2018-06-07T17:30:30Z" finished-at="2018-06-07T17:30:34Z">
          <params>
            <param index="0">
              <value>
                <![CDATA[[TestResult name=GlobalSearchItem status=SUCCESS method=TC_EPC_003_GlobalSearchItem.GlobalSearchItem()[pri:0, instance:EPCTestCases.TC_EPC_003_GlobalSearchItem@7f9a81e8] output={null}]]]>
              </value>
            </param>
          </params>
          <reporter-output>
          </reporter-output>
        </test-method> <!-- afterMethod -->
      </class> <!-- EPCTestCases.TC_EPC_003_GlobalSearchItem -->
    </test> <!-- Smoke Testing -->
  </suite> <!-- Suite -->
</testng-results>
